/home/rokey/B4ServRobot_ws/install/b4_serv_robot/lib/python3.10/site-packages/b4_serv_robot/order.py
/home/rokey/B4ServRobot_ws/install/b4_serv_robot/lib/python3.10/site-packages/b4_serv_robot/monitor.py
/home/rokey/B4ServRobot_ws/install/b4_serv_robot/lib/python3.10/site-packages/b4_serv_robot/database.py
/home/rokey/B4ServRobot_ws/install/b4_serv_robot/lib/python3.10/site-packages/b4_serv_robot/robot.py
/home/rokey/B4ServRobot_ws/install/b4_serv_robot/lib/python3.10/site-packages/b4_serv_robot/__init__.py
/home/rokey/B4ServRobot_ws/install/b4_serv_robot/lib/python3.10/site-packages/b4_serv_robot/__pycache__/order.cpython-310.pyc
/home/rokey/B4ServRobot_ws/install/b4_serv_robot/lib/python3.10/site-packages/b4_serv_robot/__pycache__/monitor.cpython-310.pyc
/home/rokey/B4ServRobot_ws/install/b4_serv_robot/lib/python3.10/site-packages/b4_serv_robot/__pycache__/database.cpython-310.pyc
/home/rokey/B4ServRobot_ws/install/b4_serv_robot/lib/python3.10/site-packages/b4_serv_robot/__pycache__/robot.cpython-310.pyc
/home/rokey/B4ServRobot_ws/install/b4_serv_robot/lib/python3.10/site-packages/b4_serv_robot/__pycache__/__init__.cpython-310.pyc
/home/rokey/B4ServRobot_ws/install/b4_serv_robot/share/ament_index/resource_index/packages/b4_serv_robot
/home/rokey/B4ServRobot_ws/install/b4_serv_robot/share/b4_serv_robot/package.xml
/home/rokey/B4ServRobot_ws/install/b4_serv_robot/lib/python3.10/site-packages/b4_serv_robot-0.0.0-py3.10.egg-info/requires.txt
/home/rokey/B4ServRobot_ws/install/b4_serv_robot/lib/python3.10/site-packages/b4_serv_robot-0.0.0-py3.10.egg-info/top_level.txt
/home/rokey/B4ServRobot_ws/install/b4_serv_robot/lib/python3.10/site-packages/b4_serv_robot-0.0.0-py3.10.egg-info/dependency_links.txt
/home/rokey/B4ServRobot_ws/install/b4_serv_robot/lib/python3.10/site-packages/b4_serv_robot-0.0.0-py3.10.egg-info/entry_points.txt
/home/rokey/B4ServRobot_ws/install/b4_serv_robot/lib/python3.10/site-packages/b4_serv_robot-0.0.0-py3.10.egg-info/SOURCES.txt
/home/rokey/B4ServRobot_ws/install/b4_serv_robot/lib/python3.10/site-packages/b4_serv_robot-0.0.0-py3.10.egg-info/zip-safe
/home/rokey/B4ServRobot_ws/install/b4_serv_robot/lib/python3.10/site-packages/b4_serv_robot-0.0.0-py3.10.egg-info/PKG-INFO
/home/rokey/B4ServRobot_ws/install/b4_serv_robot/lib/b4_serv_robot/database
/home/rokey/B4ServRobot_ws/install/b4_serv_robot/lib/b4_serv_robot/monitor
/home/rokey/B4ServRobot_ws/install/b4_serv_robot/lib/b4_serv_robot/order
/home/rokey/B4ServRobot_ws/install/b4_serv_robot/lib/b4_serv_robot/robot
