[0.944s] Invoking command in '/home/yeeun/B4ServRobot_ws/src/B4ServRobot': PYTHONPATH=/home/yeeun/B4ServRobot_ws/build/B4ServRobot/prefix_override:/usr/lib/python3/dist-packages/colcon_core/task/python/colcon_distutils_commands:/home/yeeun/B4ServRobot_ws/install/B4ServRobot/lib/python3.10/site-packages:${PYTHONPATH} /usr/bin/python3 -W ignore:setup.py install is deprecated setup.py egg_info --egg-base ../../build/B4ServRobot build --build-base /home/yeeun/B4ServRobot_ws/build/B4ServRobot/build install --record /home/yeeun/B4ServRobot_ws/build/B4ServRobot/install.log --single-version-externally-managed install_data
[1.309s] running egg_info
[1.309s] writing ../../build/B4ServRobot/B4ServRobot.egg-info/PKG-INFO
[1.309s] writing dependency_links to ../../build/B4ServRobot/B4ServRobot.egg-info/dependency_links.txt
[1.310s] writing entry points to ../../build/B4ServRobot/B4ServRobot.egg-info/entry_points.txt
[1.310s] writing requirements to ../../build/B4ServRobot/B4ServRobot.egg-info/requires.txt
[1.310s] writing top-level names to ../../build/B4ServRobot/B4ServRobot.egg-info/top_level.txt
[1.312s] reading manifest file '../../build/B4ServRobot/B4ServRobot.egg-info/SOURCES.txt'
[1.313s] writing manifest file '../../build/B4ServRobot/B4ServRobot.egg-info/SOURCES.txt'
[1.313s] running build
[1.313s] running build_py
[1.314s] copying B4ServRobot/order.py -> /home/yeeun/B4ServRobot_ws/build/B4ServRobot/build/lib/B4ServRobot
[1.314s] copying B4ServRobot/robot.py -> /home/yeeun/B4ServRobot_ws/build/B4ServRobot/build/lib/B4ServRobot
[1.314s] copying B4ServRobot/monitor.py -> /home/yeeun/B4ServRobot_ws/build/B4ServRobot/build/lib/B4ServRobot
[1.314s] running install
[1.314s] running install_lib
[1.315s] copying /home/yeeun/B4ServRobot_ws/build/B4ServRobot/build/lib/B4ServRobot/order.py -> /home/yeeun/B4ServRobot_ws/install/B4ServRobot/lib/python3.10/site-packages/B4ServRobot
[1.315s] copying /home/yeeun/B4ServRobot_ws/build/B4ServRobot/build/lib/B4ServRobot/robot.py -> /home/yeeun/B4ServRobot_ws/install/B4ServRobot/lib/python3.10/site-packages/B4ServRobot
[1.315s] copying /home/yeeun/B4ServRobot_ws/build/B4ServRobot/build/lib/B4ServRobot/monitor.py -> /home/yeeun/B4ServRobot_ws/install/B4ServRobot/lib/python3.10/site-packages/B4ServRobot
[1.316s] byte-compiling /home/yeeun/B4ServRobot_ws/install/B4ServRobot/lib/python3.10/site-packages/B4ServRobot/order.py to order.cpython-310.pyc
[1.316s] byte-compiling /home/yeeun/B4ServRobot_ws/install/B4ServRobot/lib/python3.10/site-packages/B4ServRobot/robot.py to robot.cpython-310.pyc
[1.316s] byte-compiling /home/yeeun/B4ServRobot_ws/install/B4ServRobot/lib/python3.10/site-packages/B4ServRobot/monitor.py to monitor.cpython-310.pyc
[1.316s] running install_data
[1.316s] copying package.xml -> /home/yeeun/B4ServRobot_ws/install/B4ServRobot/share/B4ServRobot
[1.317s] running install_egg_info
[1.318s] removing '/home/yeeun/B4ServRobot_ws/install/B4ServRobot/lib/python3.10/site-packages/B4ServRobot-0.0.0-py3.10.egg-info' (and everything under it)
[1.319s] Copying ../../build/B4ServRobot/B4ServRobot.egg-info to /home/yeeun/B4ServRobot_ws/install/B4ServRobot/lib/python3.10/site-packages/B4ServRobot-0.0.0-py3.10.egg-info
[1.320s] running install_scripts
[1.343s] Installing monitor script to /home/yeeun/B4ServRobot_ws/install/B4ServRobot/lib/B4ServRobot
[1.343s] Installing order script to /home/yeeun/B4ServRobot_ws/install/B4ServRobot/lib/B4ServRobot
[1.343s] Installing robot script to /home/yeeun/B4ServRobot_ws/install/B4ServRobot/lib/B4ServRobot
[1.343s] writing list of installed files to '/home/yeeun/B4ServRobot_ws/build/B4ServRobot/install.log'
[1.369s] Invoked command in '/home/yeeun/B4ServRobot_ws/src/B4ServRobot' returned '0': PYTHONPATH=/home/yeeun/B4ServRobot_ws/build/B4ServRobot/prefix_override:/usr/lib/python3/dist-packages/colcon_core/task/python/colcon_distutils_commands:/home/yeeun/B4ServRobot_ws/install/B4ServRobot/lib/python3.10/site-packages:${PYTHONPATH} /usr/bin/python3 -W ignore:setup.py install is deprecated setup.py egg_info --egg-base ../../build/B4ServRobot build --build-base /home/yeeun/B4ServRobot_ws/build/B4ServRobot/build install --record /home/yeeun/B4ServRobot_ws/build/B4ServRobot/install.log --single-version-externally-managed install_data
