running egg_info
creating ../../build/B4ServRobot/B4ServRobot.egg-info
writing ../../build/B4ServRobot/B4ServRobot.egg-info/PKG-INFO
writing dependency_links to ../../build/B4ServRobot/B4ServRobot.egg-info/dependency_links.txt
writing entry points to ../../build/B4ServRobot/B4ServRobot.egg-info/entry_points.txt
writing requirements to ../../build/B4ServRobot/B4ServRobot.egg-info/requires.txt
writing top-level names to ../../build/B4ServRobot/B4ServRobot.egg-info/top_level.txt
writing manifest file '../../build/B4ServRobot/B4ServRobot.egg-info/SOURCES.txt'
reading manifest file '../../build/B4ServRobot/B4ServRobot.egg-info/SOURCES.txt'
writing manifest file '../../build/B4ServRobot/B4ServRobot.egg-info/SOURCES.txt'
running build
running build_py
creating /home/yeeun/B4ServRobot_ws/build/B4ServRobot/build
creating /home/yeeun/B4ServRobot_ws/build/B4ServRobot/build/lib
creating /home/yeeun/B4ServRobot_ws/build/B4ServRobot/build/lib/B4ServRobot
copying B4ServRobot/__init__.py -> /home/yeeun/B4ServRobot_ws/build/B4ServRobot/build/lib/B4ServRobot
running install
running install_lib
creating /home/yeeun/B4ServRobot_ws/install/B4ServRobot/lib/python3.10/site-packages/B4ServRobot
copying /home/yeeun/B4ServRobot_ws/build/B4ServRobot/build/lib/B4ServRobot/__init__.py -> /home/yeeun/B4ServRobot_ws/install/B4ServRobot/lib/python3.10/site-packages/B4ServRobot
byte-compiling /home/yeeun/B4ServRobot_ws/install/B4ServRobot/lib/python3.10/site-packages/B4ServRobot/__init__.py to __init__.cpython-310.pyc
running install_data
creating /home/yeeun/B4ServRobot_ws/install/B4ServRobot/share/ament_index
creating /home/yeeun/B4ServRobot_ws/install/B4ServRobot/share/ament_index/resource_index
creating /home/yeeun/B4ServRobot_ws/install/B4ServRobot/share/ament_index/resource_index/packages
copying resource/B4ServRobot -> /home/yeeun/B4ServRobot_ws/install/B4ServRobot/share/ament_index/resource_index/packages
copying package.xml -> /home/yeeun/B4ServRobot_ws/install/B4ServRobot/share/B4ServRobot
running install_egg_info
Copying ../../build/B4ServRobot/B4ServRobot.egg-info to /home/yeeun/B4ServRobot_ws/install/B4ServRobot/lib/python3.10/site-packages/B4ServRobot-0.0.0-py3.10.egg-info
running install_scripts
writing list of installed files to '/home/yeeun/B4ServRobot_ws/build/B4ServRobot/install.log'
