/home/yeeun/B4ServRobot_ws/install/B4ServRobot/lib/python3.10/site-packages/B4ServRobot/order.py
/home/yeeun/B4ServRobot_ws/install/B4ServRobot/lib/python3.10/site-packages/B4ServRobot/__init__.py
/home/yeeun/B4ServRobot_ws/install/B4ServRobot/lib/python3.10/site-packages/B4ServRobot/robot.py
/home/yeeun/B4ServRobot_ws/install/B4ServRobot/lib/python3.10/site-packages/B4ServRobot/monitor.py
/home/yeeun/B4ServRobot_ws/install/B4ServRobot/lib/python3.10/site-packages/B4ServRobot/__pycache__/order.cpython-310.pyc
/home/yeeun/B4ServRobot_ws/install/B4ServRobot/lib/python3.10/site-packages/B4ServRobot/__pycache__/__init__.cpython-310.pyc
/home/yeeun/B4ServRobot_ws/install/B4ServRobot/lib/python3.10/site-packages/B4ServRobot/__pycache__/robot.cpython-310.pyc
/home/yeeun/B4ServRobot_ws/install/B4ServRobot/lib/python3.10/site-packages/B4ServRobot/__pycache__/monitor.cpython-310.pyc
/home/yeeun/B4ServRobot_ws/install/B4ServRobot/share/ament_index/resource_index/packages/B4ServRobot
/home/yeeun/B4ServRobot_ws/install/B4ServRobot/share/B4ServRobot/package.xml
/home/yeeun/B4ServRobot_ws/install/B4ServRobot/lib/python3.10/site-packages/B4ServRobot-0.0.0-py3.10.egg-info/PKG-INFO
/home/yeeun/B4ServRobot_ws/install/B4ServRobot/lib/python3.10/site-packages/B4ServRobot-0.0.0-py3.10.egg-info/zip-safe
/home/yeeun/B4ServRobot_ws/install/B4ServRobot/lib/python3.10/site-packages/B4ServRobot-0.0.0-py3.10.egg-info/SOURCES.txt
/home/yeeun/B4ServRobot_ws/install/B4ServRobot/lib/python3.10/site-packages/B4ServRobot-0.0.0-py3.10.egg-info/dependency_links.txt
/home/yeeun/B4ServRobot_ws/install/B4ServRobot/lib/python3.10/site-packages/B4ServRobot-0.0.0-py3.10.egg-info/requires.txt
/home/yeeun/B4ServRobot_ws/install/B4ServRobot/lib/python3.10/site-packages/B4ServRobot-0.0.0-py3.10.egg-info/entry_points.txt
/home/yeeun/B4ServRobot_ws/install/B4ServRobot/lib/python3.10/site-packages/B4ServRobot-0.0.0-py3.10.egg-info/top_level.txt
/home/yeeun/B4ServRobot_ws/install/B4ServRobot/lib/B4ServRobot/monitor
/home/yeeun/B4ServRobot_ws/install/B4ServRobot/lib/B4ServRobot/order
/home/yeeun/B4ServRobot_ws/install/B4ServRobot/lib/B4ServRobot/robot
