running egg_info
creating ../../build/b4_serv_robot/b4_serv_robot.egg-info
writing ../../build/b4_serv_robot/b4_serv_robot.egg-info/PKG-INFO
writing dependency_links to ../../build/b4_serv_robot/b4_serv_robot.egg-info/dependency_links.txt
writing entry points to ../../build/b4_serv_robot/b4_serv_robot.egg-info/entry_points.txt
writing requirements to ../../build/b4_serv_robot/b4_serv_robot.egg-info/requires.txt
writing top-level names to ../../build/b4_serv_robot/b4_serv_robot.egg-info/top_level.txt
writing manifest file '../../build/b4_serv_robot/b4_serv_robot.egg-info/SOURCES.txt'
reading manifest file '../../build/b4_serv_robot/b4_serv_robot.egg-info/SOURCES.txt'
writing manifest file '../../build/b4_serv_robot/b4_serv_robot.egg-info/SOURCES.txt'
running build
running build_py
creating /home/rokey/B4ServRobot_ws/build/b4_serv_robot/build
creating /home/rokey/B4ServRobot_ws/build/b4_serv_robot/build/lib
creating /home/rokey/B4ServRobot_ws/build/b4_serv_robot/build/lib/b4_serv_robot
copying b4_serv_robot/order.py -> /home/rokey/B4ServRobot_ws/build/b4_serv_robot/build/lib/b4_serv_robot
copying b4_serv_robot/monitor.py -> /home/rokey/B4ServRobot_ws/build/b4_serv_robot/build/lib/b4_serv_robot
copying b4_serv_robot/robot.py -> /home/rokey/B4ServRobot_ws/build/b4_serv_robot/build/lib/b4_serv_robot
copying b4_serv_robot/__init__.py -> /home/rokey/B4ServRobot_ws/build/b4_serv_robot/build/lib/b4_serv_robot
running install
running install_lib
creating /home/rokey/B4ServRobot_ws/install/b4_serv_robot/lib/python3.10/site-packages/b4_serv_robot
copying /home/rokey/B4ServRobot_ws/build/b4_serv_robot/build/lib/b4_serv_robot/order.py -> /home/rokey/B4ServRobot_ws/install/b4_serv_robot/lib/python3.10/site-packages/b4_serv_robot
copying /home/rokey/B4ServRobot_ws/build/b4_serv_robot/build/lib/b4_serv_robot/monitor.py -> /home/rokey/B4ServRobot_ws/install/b4_serv_robot/lib/python3.10/site-packages/b4_serv_robot
copying /home/rokey/B4ServRobot_ws/build/b4_serv_robot/build/lib/b4_serv_robot/robot.py -> /home/rokey/B4ServRobot_ws/install/b4_serv_robot/lib/python3.10/site-packages/b4_serv_robot
copying /home/rokey/B4ServRobot_ws/build/b4_serv_robot/build/lib/b4_serv_robot/__init__.py -> /home/rokey/B4ServRobot_ws/install/b4_serv_robot/lib/python3.10/site-packages/b4_serv_robot
byte-compiling /home/rokey/B4ServRobot_ws/install/b4_serv_robot/lib/python3.10/site-packages/b4_serv_robot/order.py to order.cpython-310.pyc
byte-compiling /home/rokey/B4ServRobot_ws/install/b4_serv_robot/lib/python3.10/site-packages/b4_serv_robot/monitor.py to monitor.cpython-310.pyc
byte-compiling /home/rokey/B4ServRobot_ws/install/b4_serv_robot/lib/python3.10/site-packages/b4_serv_robot/robot.py to robot.cpython-310.pyc
byte-compiling /home/rokey/B4ServRobot_ws/install/b4_serv_robot/lib/python3.10/site-packages/b4_serv_robot/__init__.py to __init__.cpython-310.pyc
running install_data
creating /home/rokey/B4ServRobot_ws/install/b4_serv_robot/share/ament_index
creating /home/rokey/B4ServRobot_ws/install/b4_serv_robot/share/ament_index/resource_index
creating /home/rokey/B4ServRobot_ws/install/b4_serv_robot/share/ament_index/resource_index/packages
copying resource/b4_serv_robot -> /home/rokey/B4ServRobot_ws/install/b4_serv_robot/share/ament_index/resource_index/packages
copying package.xml -> /home/rokey/B4ServRobot_ws/install/b4_serv_robot/share/b4_serv_robot
running install_egg_info
Copying ../../build/b4_serv_robot/b4_serv_robot.egg-info to /home/rokey/B4ServRobot_ws/install/b4_serv_robot/lib/python3.10/site-packages/b4_serv_robot-0.0.0-py3.10.egg-info
running install_scripts
Installing monitor script to /home/rokey/B4ServRobot_ws/install/b4_serv_robot/lib/b4_serv_robot
Installing order script to /home/rokey/B4ServRobot_ws/install/b4_serv_robot/lib/b4_serv_robot
Installing robot script to /home/rokey/B4ServRobot_ws/install/b4_serv_robot/lib/b4_serv_robot
writing list of installed files to '/home/rokey/B4ServRobot_ws/build/b4_serv_robot/install.log'
